<?xml version="1.0" encoding="UTF-8"?>
<testng-results skipped="0" failed="0" ignored="0" total="1" passed="1">
  <reporter-output>
  </reporter-output>
  <suite name="Default suite" duration-ms="11857" started-at="2019-06-29T06:33:29Z" finished-at="2019-06-29T06:33:41Z">
    <groups>
    </groups>
    <test name="Default test" duration-ms="11857" started-at="2019-06-29T06:33:29Z" finished-at="2019-06-29T06:33:41Z">
      <class name="restapi.Apitest">
        <test-method status="PASS" signature="urlcreation()[pri:0, instance:restapi.Apitest@6767c1fc]" name="urlcreation" is-config="true" duration-ms="181" started-at="2019-06-29T06:33:30Z" finished-at="2019-06-29T06:33:30Z">
          <reporter-output>
          </reporter-output>
        </test-method> <!-- urlcreation -->
        <test-method status="PASS" signature="test1()[pri:0, instance:restapi.Apitest@6767c1fc]" name="test1" duration-ms="11230" started-at="2019-06-29T06:33:30Z" finished-at="2019-06-29T06:33:41Z">
          <reporter-output>
          </reporter-output>
        </test-method> <!-- test1 -->
      </class> <!-- restapi.Apitest -->
    </test> <!-- Default test -->
  </suite> <!-- Default suite -->
</testng-results>
